<?xml version="1.0" encoding="UTF-8"?>
<testsuite xmlns:xsi="http://www.w3.org/2001/XMLSchema-instance" xsi:noNamespaceSchemaLocation="https://maven.apache.org/surefire/maven-surefire-plugin/xsd/surefire-test-report.xsd" name="com.kang.dao.UserMapperTest" time="0.111" tests="7" errors="7" skipped="0" failures="0">
  <properties>
[...]
</properties>
  <testcase name="addUser" classname="com.kang.dao.UserMapperTest" time="0.048">
    <error type="java.lang.NullPointerException">java.lang.NullPointerException
	at com.kang.dao.UserMapperTest.addUser(UserMapperTest.java:58)
</error>
    <system-err><![CDATA[java.io.IOException: Could not find resource mybatis-config.xml
	at org.apache.ibatis.io.Resources.getResourceAsStream(Resources.java:114)
	at org.apache.ibatis.io.Resources.getResourceAsStream(Resources.java:100)
	at com.kang.utils.MybatisUtils.<clinit>(MybatisUtils.java:27)
	at com.kang.dao.UserMapperTest.addUser(UserMapperTest.java:58)
	at java.base/jdk.internal.reflect.NativeMethodAccessorImpl.invoke0(Native Method)
	at java.base/jdk.internal.reflect.NativeMethodAccessorImpl.invoke(NativeMethodAccessorImpl.java:62)
	at java.base/jdk.internal.reflect.DelegatingMethodAccessorImpl.invoke(DelegatingMethodAccessorImpl.java:43)
	at java.base/java.lang.reflect.Method.invoke(Method.java:566)
	at org.junit.runners.model.FrameworkMethod$1.runReflectiveCall(FrameworkMethod.java:47)
	at org.junit.internal.runners.model.ReflectiveCallable.run(ReflectiveCallable.java:12)
	at org.junit.runners.model.FrameworkMethod.invokeExplosively(FrameworkMethod.java:44)
	at org.junit.internal.runners.statements.InvokeMethod.evaluate(InvokeMethod.java:17)
	at org.junit.runners.ParentRunner.runLeaf(ParentRunner.java:271)
	at org.junit.runners.BlockJUnit4ClassRunner.runChild(BlockJUnit4ClassRunner.java:70)
	at org.junit.runners.BlockJUnit4ClassRunner.runChild(BlockJUnit4ClassRunner.java:50)
	at org.junit.runners.ParentRunner$3.run(ParentRunner.java:238)
	at org.junit.runners.ParentRunner$1.schedule(ParentRunner.java:63)
	at org.junit.runners.ParentRunner.runChildren(ParentRunner.java:236)
	at org.junit.runners.ParentRunner.access$000(ParentRunner.java:53)
	at org.junit.runners.ParentRunner$2.evaluate(ParentRunner.java:229)
	at org.junit.runners.ParentRunner.run(ParentRunner.java:309)
	at org.apache.maven.surefire.junit4.JUnit4Provider.execute(JUnit4Provider.java:365)
	at org.apache.maven.surefire.junit4.JUnit4Provider.executeWithRerun(JUnit4Provider.java:273)
	at org.apache.maven.surefire.junit4.JUnit4Provider.executeTestSet(JUnit4Provider.java:238)
	at org.apache.maven.surefire.junit4.JUnit4Provider.invoke(JUnit4Provider.java:159)
	at org.apache.maven.surefire.booter.ForkedBooter.invokeProviderInSameClassLoader(ForkedBooter.java:384)
	at org.apache.maven.surefire.booter.ForkedBooter.runSuitesInProcess(ForkedBooter.java:345)
	at org.apache.maven.surefire.booter.ForkedBooter.execute(ForkedBooter.java:126)
	at org.apache.maven.surefire.booter.ForkedBooter.main(ForkedBooter.java:418)
]]></system-err>
  </testcase>
  <testcase name="updateUser" classname="com.kang.dao.UserMapperTest" time="0.001">
    <error type="java.lang.NullPointerException">java.lang.NullPointerException
	at com.kang.dao.UserMapperTest.updateUser(UserMapperTest.java:74)
</error>
  </testcase>
  <testcase name="getAllUser" classname="com.kang.dao.UserMapperTest" time="0.001">
    <error type="java.lang.NullPointerException">java.lang.NullPointerException
	at com.kang.dao.UserMapperTest.getAllUser(UserMapperTest.java:20)
</error>
  </testcase>
  <testcase name="addUserByMap" classname="com.kang.dao.UserMapperTest" time="0">
    <error type="java.lang.NullPointerException">java.lang.NullPointerException
	at com.kang.dao.UserMapperTest.addUserByMap(UserMapperTest.java:108)
</error>
  </testcase>
  <testcase name="getUserByMap" classname="com.kang.dao.UserMapperTest" time="0.001">
    <error type="java.lang.NullPointerException">java.lang.NullPointerException
	at com.kang.dao.UserMapperTest.getUserByMap(UserMapperTest.java:129)
</error>
  </testcase>
  <testcase name="deleteUser" classname="com.kang.dao.UserMapperTest" time="0.001">
    <error type="java.lang.NullPointerException">java.lang.NullPointerException
	at com.kang.dao.UserMapperTest.deleteUser(UserMapperTest.java:90)
</error>
  </testcase>
  <testcase name="getUserById" classname="com.kang.dao.UserMapperTest" time="0.001">
    <error type="java.lang.NullPointerException">java.lang.NullPointerException
	at com.kang.dao.UserMapperTest.getUserById(UserMapperTest.java:42)
</error>
  </testcase>
</testsuite>